<?xml version="1.0" encoding="UTF-8"?>
<!-- Generated by org.testng.reporters.JUnitXMLReporter -->
<testsuite ignored="0" hostname="DESKTOP-PCCGHVF" failures="1" tests="1" name="Test" time="7.347" errors="0" timestamp="2024-02-28T21:24:03 IST">
  <testcase classname="project1.TestCase1" name="validatePageTitle" time="7.242">
    <failure type="java.lang.AssertionError" message="expected [Web Order Login] but found [Web Orders Login]">
      <![CDATA[java.lang.AssertionError: expected [Web Order Login] but found [Web Orders Login]
at project1.TestCase1.validatePageTitle(TestCase1.java:25)
at java.base/java.util.ArrayList.forEach(ArrayList.java:1511)
... Removed 33 stack frames]]>
    </failure>
  </testcase> <!-- validatePageTitle -->
</testsuite> <!-- Test -->
